{"F:\\side_projects\\comeback\\client\\src\\App.tsx": {"path":"F:\\side_projects\\comeback\\client\\src\\App.tsx","statementMap":{"0":{"start":{"line":5,"column":15},"end":{"line":5,"column":38}},"1":{"start":{"line":7,"column":1},"end":{"line":26,"column":null}},"2":{"start":{"line":16,"column":27},"end":{"line":16,"column":57}},"3":{"start":{"line":16,"column":47},"end":{"line":16,"column":57}}},"fnMap":{"0":{"name":"(anonymous_0)","decl":{"start":{"line":16,"column":12},"end":{"line":16,"column":27}},"loc":{"start":{"line":16,"column":27},"end":{"line":16,"column":57}},"line":16},"1":{"name":"(anonymous_1)","decl":{"start":{"line":16,"column":27},"end":{"line":16,"column":37}},"loc":{"start":{"line":16,"column":47},"end":{"line":16,"column":57}},"line":16}},"branchMap":{},"s":{"0":2,"1":2,"2":1,"3":1},"f":{"0":1,"1":1},"b":{},"meta":{"lastBranch":0,"lastFunction":2,"lastStatement":4,"seen":{"s:5:15:5:38":0,"s:7:1:26:Infinity":1,"f:16:12:16:27":0,"s:16:27:16:57":2,"f:16:27:16:37":1,"s:16:47:16:57":3}}}
,"F:\\side_projects\\comeback\\client\\src\\assets\\react.svg": {"path":"F:\\side_projects\\comeback\\client\\src\\assets\\react.svg","statementMap":{},"fnMap":{},"branchMap":{},"s":{},"f":{},"b":{},"meta":{"lastBranch":0,"lastFunction":0,"lastStatement":0,"seen":{}}}
}
